<?xml version="1.0" encoding="UTF-8"?>
<!-- Generated by org.testng.reporters.JUnitXMLReporter -->
<testsuite ignored="2" hostname="LAPTOP-35B7MCU5" failures="0" tests="1" name="Default test" time="6.749" errors="0" timestamp="2021-12-02T18:46:26 GMT">
  <testcase classname="com.qa.hotspots.tests.LoginPageTest" name="verifyLoginPageTitleTest" time="0.03"/>
  <testcase classname="com.qa.hotspots.tests.LoginPageTest" name="loginTest" time="0.0">
    <ignored/>
  </testcase> <!-- loginTest -->
  <testcase classname="com.qa.hotspots.tests.LoginPageTest" name="verifySignUpLinkTest" time="0.0">
    <ignored/>
  </testcase> <!-- verifySignUpLinkTest -->
</testsuite> <!-- Default test -->
