<?xml version="1.0" encoding="UTF-8"?>
<!-- Generated by org.testng.reporters.JUnitXMLReporter -->
<testsuite ignored="0" hostname="LAPTOP-35B7MCU5" failures="0" tests="3" name="home page test" time="26.133" errors="0" timestamp="2021-12-03T04:26:59 GMT">
  <testcase classname="com.qa.hotspots.tests.HomePageTest" name="veriyHomePageHeader" time="1.357"/>
  <testcase classname="com.qa.hotspots.tests.HomePageTest" name="verifyLoggedInUserTest" time="0.221"/>
  <testcase classname="com.qa.hotspots.tests.HomePageTest" name="verifyHomePageTile" time="0.05"/>
</testsuite> <!-- home page test -->
