<?xml version="1.0" encoding="UTF-8"?>
<testng-results ignored="0" total="2" passed="1" failed="1" skipped="0">
  <reporter-output>
  </reporter-output>
  <suite started-at="2021-12-08T16:04:35 GMT" name="Default suite" finished-at="2021-12-08T16:04:49 GMT" duration-ms="13855">
    <groups>
    </groups>
    <test started-at="2021-12-08T16:04:35 GMT" name="Default test" finished-at="2021-12-08T16:04:49 GMT" duration-ms="13855">
      <class name="com.qa.hotspots.tests.ContactPageTest">
        <test-method is-config="true" signature="setUp()[pri:0, instance:com.qa.hotspots.tests.ContactPageTest@4567f35d]" started-at="2021-12-08T16:04:35 GMT" name="setUp" finished-at="2021-12-08T16:04:39 GMT" duration-ms="4036" status="PASS">
          <reporter-output>
          </reporter-output>
        </test-method> <!-- setUp -->
        <test-method is-config="true" signature="contactsSetup()[pri:0, instance:com.qa.hotspots.tests.ContactPageTest@4567f35d]" started-at="2021-12-08T16:04:39 GMT" name="contactsSetup" finished-at="2021-12-08T16:04:46 GMT" duration-ms="6554" status="PASS">
          <reporter-output>
          </reporter-output>
        </test-method> <!-- contactsSetup -->
        <test-method signature="verifyContactsPageTitleTest()[pri:1, instance:com.qa.hotspots.tests.ContactPageTest@4567f35d]" started-at="2021-12-08T16:04:46 GMT" name="verifyContactsPageTitleTest" finished-at="2021-12-08T16:04:46 GMT" duration-ms="677" status="PASS">
          <reporter-output>
          </reporter-output>
        </test-method> <!-- verifyContactsPageTitleTest -->
        <test-method signature="creatContactTest()[pri:2, instance:com.qa.hotspots.tests.ContactPageTest@4567f35d]" started-at="2021-12-08T16:04:46 GMT" name="creatContactTest" finished-at="2021-12-08T16:04:49 GMT" duration-ms="2530" status="FAIL">
          <exception class="java.lang.IllegalArgumentException">
            <message>
              <![CDATA[Keys to send should be a not null CharSequence]]>
            </message>
            <full-stacktrace>
              <![CDATA[java.lang.IllegalArgumentException: Keys to send should be a not null CharSequence
at org.openqa.selenium.remote.RemoteWebElement.sendKeys(RemoteWebElement.java:92)
at com.qa.hotspots.utils.ElementUtil.doSendKeys(ElementUtil.java:38)
at com.qa.hotspots.pages.ContactsPage.createContact(ContactsPage.java:61)
at com.qa.hotspots.tests.ContactPageTest.creatContactTest(ContactPageTest.java:33)
at java.base/jdk.internal.reflect.NativeMethodAccessorImpl.invoke0(Native Method)
at java.base/jdk.internal.reflect.NativeMethodAccessorImpl.invoke(NativeMethodAccessorImpl.java:78)
at java.base/jdk.internal.reflect.DelegatingMethodAccessorImpl.invoke(DelegatingMethodAccessorImpl.java:43)
at java.base/java.lang.reflect.Method.invoke(Method.java:567)
at org.testng.internal.MethodInvocationHelper.invokeMethod(MethodInvocationHelper.java:133)
at org.testng.internal.TestInvoker.invokeMethod(TestInvoker.java:598)
at org.testng.internal.TestInvoker.invokeTestMethod(TestInvoker.java:173)
at org.testng.internal.MethodRunner.runInSequence(MethodRunner.java:46)
at org.testng.internal.TestInvoker$MethodInvocationAgent.invoke(TestInvoker.java:824)
at org.testng.internal.TestInvoker.invokeTestMethods(TestInvoker.java:146)
at org.testng.internal.TestMethodWorker.invokeTestMethods(TestMethodWorker.java:146)
at org.testng.internal.TestMethodWorker.run(TestMethodWorker.java:128)
at java.base/java.util.ArrayList.forEach(ArrayList.java:1511)
at org.testng.TestRunner.privateRun(TestRunner.java:794)
at org.testng.TestRunner.run(TestRunner.java:596)
at org.testng.SuiteRunner.runTest(SuiteRunner.java:377)
at org.testng.SuiteRunner.runSequentially(SuiteRunner.java:371)
at org.testng.SuiteRunner.privateRun(SuiteRunner.java:332)
at org.testng.SuiteRunner.run(SuiteRunner.java:276)
at org.testng.SuiteRunnerWorker.runSuite(SuiteRunnerWorker.java:53)
at org.testng.SuiteRunnerWorker.run(SuiteRunnerWorker.java:96)
at org.testng.TestNG.runSuitesSequentially(TestNG.java:1212)
at org.testng.TestNG.runSuitesLocally(TestNG.java:1134)
at org.testng.TestNG.runSuites(TestNG.java:1063)
at org.testng.TestNG.run(TestNG.java:1031)
at org.testng.remote.AbstractRemoteTestNG.run(AbstractRemoteTestNG.java:115)
at org.testng.remote.RemoteTestNG.initAndRun(RemoteTestNG.java:251)
at org.testng.remote.RemoteTestNG.main(RemoteTestNG.java:77)
]]>
            </full-stacktrace>
          </exception> <!-- java.lang.IllegalArgumentException -->
          <reporter-output>
          </reporter-output>
        </test-method> <!-- creatContactTest -->
        <test-method is-config="true" signature="tearDown()[pri:0, instance:com.qa.hotspots.tests.ContactPageTest@4567f35d]" started-at="2021-12-08T16:04:49 GMT" name="tearDown" finished-at="2021-12-08T16:04:49 GMT" duration-ms="0" status="PASS">
          <reporter-output>
          </reporter-output>
        </test-method> <!-- tearDown -->
      </class> <!-- com.qa.hotspots.tests.ContactPageTest -->
    </test> <!-- Default test -->
  </suite> <!-- Default suite -->
</testng-results>
